<?xml version="1.0" encoding="UTF-8"?>
<!-- Generated by org.testng.reporters.JUnitXMLReporter -->
<testsuite ignored="0" hostname="DESKTOP-QARHQMJ" failures="0" tests="3" name="Default test" time="31.103" errors="0" timestamp="2024-01-13T22:13:13 IST">
  <testcase classname="TestScripts.TC01_RegisterTestCase" name="testcase" time="3.299"/>
  <testcase classname="TestScripts.TC01_RegisterTestCase" name="testcase" time="4.656"/>
  <testcase classname="TestScripts.TC01_RegisterTestCase" name="testcase" time="3.291"/>
</testsuite> <!-- Default test -->
